<?xml version="1.0" encoding="UTF-8"?>
<!-- Generated by org.testng.reporters.JUnitReportReporter -->
<testsuite hostname="LAPTOP-RD9PPO1M" failures="0" tests="4" name="testcases.TC1_Login" time="31.661" errors="0" timestamp="2022-11-23T16:03:49 IST" skipped="0">
  <testcase classname="testcases.TC1_Login" name="EnterUsename" time="0.314"/>
  <system-out/>
  <testcase classname="testcases.TC1_Login" name="EnterPwd" time="10.523"/>
  <system-out/>
  <testcase classname="testcases.TC1_Login" name="ClickNext" time="0.155"/>
  <system-out/>
  <testcase classname="testcases.TC1_Login" name="ClickLogin" time="20.669"/>
  <system-out/>
</testsuite> <!-- testcases.TC1_Login -->
